[debug] [2025-09-24T04:32:56.453Z] ----------------------------------------------------------------------
[debug] [2025-09-24T04:32:56.455Z] Command:       /Users/swaroopthakare/.nvm/versions/node/v22.18.0/bin/node /Users/swaroopthakare/.nvm/versions/node/v22.18.0/bin/firebase emulators:start --only firestore,auth,storage
[debug] [2025-09-24T04:32:56.455Z] CLI Version:   14.17.0
[debug] [2025-09-24T04:32:56.455Z] Platform:      darwin
[debug] [2025-09-24T04:32:56.455Z] Node Version:  v22.18.0
[debug] [2025-09-24T04:32:56.455Z] Time:          Wed Sep 24 2025 10:02:56 GMT+0530 (India Standard Time)
[debug] [2025-09-24T04:32:56.455Z] ----------------------------------------------------------------------
[debug] 
[debug] [2025-09-24T04:32:56.594Z] Object "/functions" in "firebase.json" has unknown property: {"additionalProperty":"region"}
[debug] [2025-09-24T04:32:56.595Z] Object "/functions" in "firebase.json" is missing required property: {"missingProperty":"remoteSource"}
[debug] [2025-09-24T04:32:56.595Z] Field "/functions" in "firebase.json" is possibly invalid: must be array
[debug] [2025-09-24T04:32:56.595Z] Field "/functions" in "firebase.json" is possibly invalid: must match a schema in anyOf
[debug] [2025-09-24T04:32:56.598Z] > command requires scopes: ["email","openid","https://www.googleapis.com/auth/cloudplatformprojects.readonly","https://www.googleapis.com/auth/firebase","https://www.googleapis.com/auth/cloud-platform"]
[debug] [2025-09-24T04:32:56.598Z] > authorizing via signed-in user (swaroopthakare797@gmail.com)
[debug] [2025-09-24T04:32:56.785Z] java version "22" 2024-03-19

[debug] [2025-09-24T04:32:56.786Z] Java(TM) SE Runtime Environment (build 22+36-2370)
Java HotSpot(TM) 64-Bit Server VM (build 22+36-2370, mixed mode, sharing)

[debug] [2025-09-24T04:32:56.790Z] Parsed Java major version: 22
[info] i  emulators: Starting emulators: firestore, storage {"metadata":{"emulator":{"name":"hub"},"message":"Starting emulators: firestore, storage"}}
[warn] ⚠  auth: Not starting the auth emulator, make sure you have run firebase init. {"metadata":{"emulator":{"name":"auth"},"message":"Not starting the auth emulator, make sure you have run firebase init."}}
[debug] [2025-09-24T04:32:57.035Z] [logging] Logging Emulator only supports listening on one address (127.0.0.1). Not listening on ::1
[debug] [2025-09-24T04:32:57.035Z] [firestore] Firestore Emulator only supports listening on one address (127.0.0.1). Not listening on ::1
[debug] [2025-09-24T04:32:57.035Z] [firestore.websocket] websocket server for firestore only supports listening on one address (127.0.0.1). Not listening on ::1
[debug] [2025-09-24T04:32:57.035Z] [storage] Storage Emulator only supports listening on one address (127.0.0.1). Not listening on ::1
[debug] [2025-09-24T04:32:57.035Z] assigned listening specs for emulators {"user":{"hub":[{"address":"127.0.0.1","family":"IPv4","port":4400},{"address":"::1","family":"IPv6","port":4400}],"ui":[{"address":"127.0.0.1","family":"IPv4","port":4000},{"address":"::1","family":"IPv6","port":4000}],"logging":[{"address":"127.0.0.1","family":"IPv4","port":4500}],"firestore":[{"address":"127.0.0.1","family":"IPv4","port":8080}],"firestore.websocket":[{"address":"127.0.0.1","family":"IPv4","port":9150}],"storage":[{"address":"127.0.0.1","family":"IPv4","port":9199}]},"metadata":{"message":"assigned listening specs for emulators"}}
[debug] [2025-09-24T04:32:57.038Z] Emulator locator file path: /var/folders/8b/v6ps7w5s4fqcq5yj65bqhsbh0000gn/T/hub-veritas-472301.json
[debug] [2025-09-24T04:32:57.038Z] [hub] writing locator at /var/folders/8b/v6ps7w5s4fqcq5yj65bqhsbh0000gn/T/hub-veritas-472301.json
[info] i  firestore: downloading cloud-firestore-emulator-v1.19.8.jar... {"metadata":{"emulator":{"name":"firestore"},"message":"downloading cloud-firestore-emulator-v1.19.8.jar..."}}
[debug] [2025-09-24T04:32:57.043Z] >>> [apiv2][query] GET https://storage.googleapis.com/firebase-preview-drop/emulator/cloud-firestore-emulator-v1.19.8.jar 
[debug] [2025-09-24T04:32:57.429Z] <<< [apiv2][status] GET https://storage.googleapis.com/firebase-preview-drop/emulator/cloud-firestore-emulator-v1.19.8.jar 200
[debug] [2025-09-24T04:32:57.429Z] <<< [apiv2][body] GET https://storage.googleapis.com/firebase-preview-drop/emulator/cloud-firestore-emulator-v1.19.8.jar [stream]
[debug] [2025-09-24T04:33:05.459Z] Ignoring unsupported arg: auto_download {"metadata":{"emulator":{"name":"firestore"},"message":"Ignoring unsupported arg: auto_download"}}
[debug] [2025-09-24T04:33:05.459Z] Ignoring unsupported arg: single_project_mode_error {"metadata":{"emulator":{"name":"firestore"},"message":"Ignoring unsupported arg: single_project_mode_error"}}
[debug] [2025-09-24T04:33:05.459Z] Starting Firestore Emulator with command {"binary":"java","args":["-Dgoogle.cloud_firestore.debug_log_level=FINE","-Duser.language=en","-jar","/Users/swaroopthakare/.cache/firebase/emulators/cloud-firestore-emulator-v1.19.8.jar","--host","127.0.0.1","--port",8080,"--websocket_port",9150,"--project_id","veritas-472301","--rules","/Users/swaroopthakare/Downloads/VeritasAI-main/firestore.rules","--single_project_mode",true],"optionalArgs":["port","webchannel_port","host","rules","websocket_port","functions_emulator","seed_from_export","project_id","single_project_mode"],"joinArgs":false,"shell":false,"port":8080} {"metadata":{"emulator":{"name":"firestore"},"message":"Starting Firestore Emulator with command {\"binary\":\"java\",\"args\":[\"-Dgoogle.cloud_firestore.debug_log_level=FINE\",\"-Duser.language=en\",\"-jar\",\"/Users/swaroopthakare/.cache/firebase/emulators/cloud-firestore-emulator-v1.19.8.jar\",\"--host\",\"127.0.0.1\",\"--port\",8080,\"--websocket_port\",9150,\"--project_id\",\"veritas-472301\",\"--rules\",\"/Users/swaroopthakare/Downloads/VeritasAI-main/firestore.rules\",\"--single_project_mode\",true],\"optionalArgs\":[\"port\",\"webchannel_port\",\"host\",\"rules\",\"websocket_port\",\"functions_emulator\",\"seed_from_export\",\"project_id\",\"single_project_mode\"],\"joinArgs\":false,\"shell\":false,\"port\":8080}"}}
[info] i  firestore: Firestore Emulator logging to firestore-debug.log {"metadata":{"emulator":{"name":"firestore"},"message":"Firestore Emulator logging to firestore-debug.log"}}
[debug] [2025-09-24T04:33:06.468Z] Sept 24, 2025 10:03:06 AM com.google.cloud.datastore.emulator.firestore.websocket.WebSocketServer start
INFO: Started WebSocket server on ws://127.0.0.1:9150
 {"metadata":{"emulator":{"name":"firestore"},"message":"Sept 24, 2025 10:03:06 AM com.google.cloud.datastore.emulator.firestore.websocket.WebSocketServer start\nINFO: Started WebSocket server on ws://127.0.0.1:9150\n"}}
[debug] [2025-09-24T04:33:06.507Z] API endpoint: http://127.0.0.1:8080 {"metadata":{"emulator":{"name":"firestore"},"message":"API endpoint: http://127.0.0.1:8080"}}
[debug] [2025-09-24T04:33:06.507Z] 
If you are using a library that supports the FIRESTORE_EMULATOR_HOST environment variable, run:

   export FIRESTORE_EMULATOR_HOST=127.0.0.1:8080

If you are running a Firestore in Datastore Mode project, run:

   export DATASTORE_EMULATOR_HOST=127.0.0.1:8080

Note: Support for Datastore Mode is in preview. If you encounter any bugs please file at https://github.com/firebase/firebase-tools/issues.
Dev App Server is now running.

 {"metadata":{"emulator":{"name":"firestore"},"message":"\nIf you are using a library that supports the FIRESTORE_EMULATOR_HOST environment variable, run:\n\n   export FIRESTORE_EMULATOR_HOST=127.0.0.1:8080\n\nIf you are running a Firestore in Datastore Mode project, run:\n\n   export DATASTORE_EMULATOR_HOST=127.0.0.1:8080\n\nNote: Support for Datastore Mode is in preview. If you encounter any bugs please file at https://github.com/firebase/firebase-tools/issues.\nDev App Server is now running.\n\n"}}
[info] ✔  firestore: Firestore Emulator UI websocket is running on 9150. {"metadata":{"emulator":{"name":"firestore"},"message":"Firestore Emulator UI websocket is running on 9150."}}
[info] i  storage: downloading cloud-storage-rules-runtime-v1.1.3.jar... {"metadata":{"emulator":{"name":"storage"},"message":"downloading cloud-storage-rules-runtime-v1.1.3.jar..."}}
[debug] [2025-09-24T04:33:06.808Z] >>> [apiv2][query] GET https://storage.googleapis.com/firebase-preview-drop/emulator/cloud-storage-rules-runtime-v1.1.3.jar 
[debug] [2025-09-24T04:33:07.176Z] <<< [apiv2][status] GET https://storage.googleapis.com/firebase-preview-drop/emulator/cloud-storage-rules-runtime-v1.1.3.jar 200
[debug] [2025-09-24T04:33:07.177Z] <<< [apiv2][body] GET https://storage.googleapis.com/firebase-preview-drop/emulator/cloud-storage-rules-runtime-v1.1.3.jar [stream]
[debug] [2025-09-24T04:33:13.944Z] Ignoring unsupported arg: port {"metadata":{"emulator":{"name":"storage"},"message":"Ignoring unsupported arg: port"}}
[debug] [2025-09-24T04:33:14.357Z] Temp file directory for storage emulator: /var/folders/8b/v6ps7w5s4fqcq5yj65bqhsbh0000gn/T/firebase/storage/blobs {"metadata":{"emulator":{"name":"storage"},"message":"Temp file directory for storage emulator: /var/folders/8b/v6ps7w5s4fqcq5yj65bqhsbh0000gn/T/firebase/storage/blobs"}}
[info] i  ui: downloading ui-v1.15.0.zip... {"metadata":{"emulator":{"name":"ui"},"message":"downloading ui-v1.15.0.zip..."}}
[debug] [2025-09-24T04:33:14.373Z] >>> [apiv2][query] GET https://storage.googleapis.com/firebase-preview-drop/emulator/ui-v1.15.0.zip 
[debug] [2025-09-24T04:33:14.657Z] <<< [apiv2][status] GET https://storage.googleapis.com/firebase-preview-drop/emulator/ui-v1.15.0.zip 200
[debug] [2025-09-24T04:33:14.658Z] <<< [apiv2][body] GET https://storage.googleapis.com/firebase-preview-drop/emulator/ui-v1.15.0.zip [stream]
[debug] [2025-09-24T04:33:15.026Z] Data is 3538469
[debug] [2025-09-24T04:33:15.027Z] [unzip] Entry: client/ (compressed_size=0 bytes, uncompressed_size=0 bytes)
[debug] [2025-09-24T04:33:15.027Z] [unzip] Processing entry: client/
[debug] [2025-09-24T04:33:15.027Z] [unzip] mkdir: /Users/swaroopthakare/.cache/firebase/emulators/ui-v1.15.0/client/
[debug] [2025-09-24T04:33:15.029Z] [unzip] Entry: client/favicon-16x16.png (compressed_size=293 bytes, uncompressed_size=293 bytes)
[debug] [2025-09-24T04:33:15.029Z] [unzip] Processing entry: client/favicon-16x16.png
[debug] [2025-09-24T04:33:15.030Z] [unzip] else mkdir: /Users/swaroopthakare/.cache/firebase/emulators/ui-v1.15.0/client
[debug] [2025-09-24T04:33:15.030Z] [unzip] Writing file: /Users/swaroopthakare/.cache/firebase/emulators/ui-v1.15.0/client/favicon-16x16.png
[debug] [2025-09-24T04:33:15.032Z] [unzip] Entry: client/safari-pinned-tab.svg (compressed_size=1433 bytes, uncompressed_size=2611 bytes)
[debug] [2025-09-24T04:33:15.032Z] [unzip] Processing entry: client/safari-pinned-tab.svg
[debug] [2025-09-24T04:33:15.032Z] [unzip] else mkdir: /Users/swaroopthakare/.cache/firebase/emulators/ui-v1.15.0/client
[debug] [2025-09-24T04:33:15.032Z] [unzip] deflating: /Users/swaroopthakare/.cache/firebase/emulators/ui-v1.15.0/client/safari-pinned-tab.svg
[debug] [2025-09-24T04:33:15.048Z] [unzip] Entry: client/favicon.ico (compressed_size=2933 bytes, uncompressed_size=13294 bytes)
[debug] [2025-09-24T04:33:15.048Z] [unzip] Processing entry: client/favicon.ico
[debug] [2025-09-24T04:33:15.048Z] [unzip] else mkdir: /Users/swaroopthakare/.cache/firebase/emulators/ui-v1.15.0/client
[debug] [2025-09-24T04:33:15.048Z] [unzip] deflating: /Users/swaroopthakare/.cache/firebase/emulators/ui-v1.15.0/client/favicon.ico
[debug] [2025-09-24T04:33:15.050Z] [unzip] Entry: client/index.html (compressed_size=1364 bytes, uncompressed_size=3071 bytes)
[debug] [2025-09-24T04:33:15.050Z] [unzip] Processing entry: client/index.html
[debug] [2025-09-24T04:33:15.050Z] [unzip] else mkdir: /Users/swaroopthakare/.cache/firebase/emulators/ui-v1.15.0/client
[debug] [2025-09-24T04:33:15.050Z] [unzip] deflating: /Users/swaroopthakare/.cache/firebase/emulators/ui-v1.15.0/client/index.html
[debug] [2025-09-24T04:33:15.051Z] [unzip] Entry: client/android-chrome-192x192.png (compressed_size=2684 bytes, uncompressed_size=2684 bytes)
[debug] [2025-09-24T04:33:15.051Z] [unzip] Processing entry: client/android-chrome-192x192.png
[debug] [2025-09-24T04:33:15.051Z] [unzip] else mkdir: /Users/swaroopthakare/.cache/firebase/emulators/ui-v1.15.0/client
[debug] [2025-09-24T04:33:15.051Z] [unzip] Writing file: /Users/swaroopthakare/.cache/firebase/emulators/ui-v1.15.0/client/android-chrome-192x192.png
[debug] [2025-09-24T04:33:15.051Z] [unzip] Entry: client/apple-touch-icon.png (compressed_size=2123 bytes, uncompressed_size=2152 bytes)
[debug] [2025-09-24T04:33:15.052Z] [unzip] Processing entry: client/apple-touch-icon.png
[debug] [2025-09-24T04:33:15.052Z] [unzip] else mkdir: /Users/swaroopthakare/.cache/firebase/emulators/ui-v1.15.0/client
[debug] [2025-09-24T04:33:15.052Z] [unzip] deflating: /Users/swaroopthakare/.cache/firebase/emulators/ui-v1.15.0/client/apple-touch-icon.png
[debug] [2025-09-24T04:33:15.052Z] [unzip] Entry: client/android-chrome-512x512.png (compressed_size=5369 bytes, uncompressed_size=5411 bytes)
[debug] [2025-09-24T04:33:15.052Z] [unzip] Processing entry: client/android-chrome-512x512.png
[debug] [2025-09-24T04:33:15.052Z] [unzip] else mkdir: /Users/swaroopthakare/.cache/firebase/emulators/ui-v1.15.0/client
[debug] [2025-09-24T04:33:15.052Z] [unzip] deflating: /Users/swaroopthakare/.cache/firebase/emulators/ui-v1.15.0/client/android-chrome-512x512.png
[debug] [2025-09-24T04:33:15.053Z] [unzip] Entry: client/manifest.json (compressed_size=245 bytes, uncompressed_size=551 bytes)
[debug] [2025-09-24T04:33:15.053Z] [unzip] Processing entry: client/manifest.json
[debug] [2025-09-24T04:33:15.053Z] [unzip] else mkdir: /Users/swaroopthakare/.cache/firebase/emulators/ui-v1.15.0/client
[debug] [2025-09-24T04:33:15.053Z] [unzip] deflating: /Users/swaroopthakare/.cache/firebase/emulators/ui-v1.15.0/client/manifest.json
[debug] [2025-09-24T04:33:15.053Z] [unzip] Entry: client/robots.txt (compressed_size=26 bytes, uncompressed_size=26 bytes)
[debug] [2025-09-24T04:33:15.053Z] [unzip] Processing entry: client/robots.txt
[debug] [2025-09-24T04:33:15.053Z] [unzip] else mkdir: /Users/swaroopthakare/.cache/firebase/emulators/ui-v1.15.0/client
[debug] [2025-09-24T04:33:15.053Z] [unzip] Writing file: /Users/swaroopthakare/.cache/firebase/emulators/ui-v1.15.0/client/robots.txt
[debug] [2025-09-24T04:33:15.054Z] [unzip] Entry: client/mstile-150x150.png (compressed_size=2034 bytes, uncompressed_size=2034 bytes)
[debug] [2025-09-24T04:33:15.054Z] [unzip] Processing entry: client/mstile-150x150.png
[debug] [2025-09-24T04:33:15.054Z] [unzip] else mkdir: /Users/swaroopthakare/.cache/firebase/emulators/ui-v1.15.0/client
[debug] [2025-09-24T04:33:15.054Z] [unzip] Writing file: /Users/swaroopthakare/.cache/firebase/emulators/ui-v1.15.0/client/mstile-150x150.png
[debug] [2025-09-24T04:33:15.054Z] [unzip] Entry: client/assets/ (compressed_size=0 bytes, uncompressed_size=0 bytes)
[debug] [2025-09-24T04:33:15.054Z] [unzip] Processing entry: client/assets/
[debug] [2025-09-24T04:33:15.054Z] [unzip] mkdir: /Users/swaroopthakare/.cache/firebase/emulators/ui-v1.15.0/client/assets/
[debug] [2025-09-24T04:33:15.054Z] [unzip] Entry: client/assets/index-BX-A56oj.js (compressed_size=582089 bytes, uncompressed_size=2092775 bytes)
[debug] [2025-09-24T04:33:15.054Z] [unzip] Processing entry: client/assets/index-BX-A56oj.js
[debug] [2025-09-24T04:33:15.054Z] [unzip] else mkdir: /Users/swaroopthakare/.cache/firebase/emulators/ui-v1.15.0/client/assets
[debug] [2025-09-24T04:33:15.054Z] [unzip] deflating: /Users/swaroopthakare/.cache/firebase/emulators/ui-v1.15.0/client/assets/index-BX-A56oj.js
[debug] [2025-09-24T04:33:15.061Z] [unzip] Entry: client/assets/index-CjB9C900.css (compressed_size=35979 bytes, uncompressed_size=298654 bytes)
[debug] [2025-09-24T04:33:15.061Z] [unzip] Processing entry: client/assets/index-CjB9C900.css
[debug] [2025-09-24T04:33:15.061Z] [unzip] else mkdir: /Users/swaroopthakare/.cache/firebase/emulators/ui-v1.15.0/client/assets
[debug] [2025-09-24T04:33:15.061Z] [unzip] deflating: /Users/swaroopthakare/.cache/firebase/emulators/ui-v1.15.0/client/assets/index-CjB9C900.css
[debug] [2025-09-24T04:33:15.062Z] [unzip] Entry: client/assets/index-BX-A56oj.js.map (compressed_size=2362482 bytes, uncompressed_size=10036679 bytes)
[debug] [2025-09-24T04:33:15.062Z] [unzip] Processing entry: client/assets/index-BX-A56oj.js.map
[debug] [2025-09-24T04:33:15.062Z] [unzip] else mkdir: /Users/swaroopthakare/.cache/firebase/emulators/ui-v1.15.0/client/assets
[debug] [2025-09-24T04:33:15.062Z] [unzip] deflating: /Users/swaroopthakare/.cache/firebase/emulators/ui-v1.15.0/client/assets/index-BX-A56oj.js.map
[debug] [2025-09-24T04:33:15.099Z] [unzip] Entry: client/assets/extensions/ (compressed_size=0 bytes, uncompressed_size=0 bytes)
[debug] [2025-09-24T04:33:15.100Z] [unzip] Processing entry: client/assets/extensions/
[debug] [2025-09-24T04:33:15.100Z] [unzip] mkdir: /Users/swaroopthakare/.cache/firebase/emulators/ui-v1.15.0/client/assets/extensions/
[debug] [2025-09-24T04:33:15.100Z] [unzip] Entry: client/assets/extensions/default-extension.png (compressed_size=1646 bytes, uncompressed_size=1657 bytes)
[debug] [2025-09-24T04:33:15.100Z] [unzip] Processing entry: client/assets/extensions/default-extension.png
[debug] [2025-09-24T04:33:15.100Z] [unzip] else mkdir: /Users/swaroopthakare/.cache/firebase/emulators/ui-v1.15.0/client/assets/extensions
[debug] [2025-09-24T04:33:15.100Z] [unzip] deflating: /Users/swaroopthakare/.cache/firebase/emulators/ui-v1.15.0/client/assets/extensions/default-extension.png
[debug] [2025-09-24T04:33:15.100Z] [unzip] Entry: client/assets/img/ (compressed_size=0 bytes, uncompressed_size=0 bytes)
[debug] [2025-09-24T04:33:15.100Z] [unzip] Processing entry: client/assets/img/
[debug] [2025-09-24T04:33:15.100Z] [unzip] mkdir: /Users/swaroopthakare/.cache/firebase/emulators/ui-v1.15.0/client/assets/img/
[debug] [2025-09-24T04:33:15.101Z] [unzip] Entry: client/assets/img/database.png (compressed_size=29449 bytes, uncompressed_size=29988 bytes)
[debug] [2025-09-24T04:33:15.101Z] [unzip] Processing entry: client/assets/img/database.png
[debug] [2025-09-24T04:33:15.101Z] [unzip] else mkdir: /Users/swaroopthakare/.cache/firebase/emulators/ui-v1.15.0/client/assets/img
[debug] [2025-09-24T04:33:15.101Z] [unzip] deflating: /Users/swaroopthakare/.cache/firebase/emulators/ui-v1.15.0/client/assets/img/database.png
[debug] [2025-09-24T04:33:15.101Z] [unzip] Entry: client/assets/provider-icons/ (compressed_size=0 bytes, uncompressed_size=0 bytes)
[debug] [2025-09-24T04:33:15.101Z] [unzip] Processing entry: client/assets/provider-icons/
[debug] [2025-09-24T04:33:15.101Z] [unzip] mkdir: /Users/swaroopthakare/.cache/firebase/emulators/ui-v1.15.0/client/assets/provider-icons/
[debug] [2025-09-24T04:33:15.101Z] [unzip] Entry: client/assets/provider-icons/auth_service_saml.svg (compressed_size=575 bytes, uncompressed_size=1226 bytes)
[debug] [2025-09-24T04:33:15.101Z] [unzip] Processing entry: client/assets/provider-icons/auth_service_saml.svg
[debug] [2025-09-24T04:33:15.101Z] [unzip] else mkdir: /Users/swaroopthakare/.cache/firebase/emulators/ui-v1.15.0/client/assets/provider-icons
[debug] [2025-09-24T04:33:15.101Z] [unzip] deflating: /Users/swaroopthakare/.cache/firebase/emulators/ui-v1.15.0/client/assets/provider-icons/auth_service_saml.svg
[debug] [2025-09-24T04:33:15.101Z] [unzip] Entry: client/assets/provider-icons/auth_service_phone.svg (compressed_size=261 bytes, uncompressed_size=414 bytes)
[debug] [2025-09-24T04:33:15.101Z] [unzip] Processing entry: client/assets/provider-icons/auth_service_phone.svg
[debug] [2025-09-24T04:33:15.101Z] [unzip] else mkdir: /Users/swaroopthakare/.cache/firebase/emulators/ui-v1.15.0/client/assets/provider-icons
[debug] [2025-09-24T04:33:15.101Z] [unzip] deflating: /Users/swaroopthakare/.cache/firebase/emulators/ui-v1.15.0/client/assets/provider-icons/auth_service_phone.svg
[debug] [2025-09-24T04:33:15.102Z] [unzip] Entry: client/assets/provider-icons/auth_service_facebook.svg (compressed_size=289 bytes, uncompressed_size=457 bytes)
[debug] [2025-09-24T04:33:15.102Z] [unzip] Processing entry: client/assets/provider-icons/auth_service_facebook.svg
[debug] [2025-09-24T04:33:15.102Z] [unzip] else mkdir: /Users/swaroopthakare/.cache/firebase/emulators/ui-v1.15.0/client/assets/provider-icons
[debug] [2025-09-24T04:33:15.102Z] [unzip] deflating: /Users/swaroopthakare/.cache/firebase/emulators/ui-v1.15.0/client/assets/provider-icons/auth_service_facebook.svg
[debug] [2025-09-24T04:33:15.102Z] [unzip] Entry: client/assets/provider-icons/auth_service_game_center.svg (compressed_size=991 bytes, uncompressed_size=3921 bytes)
[debug] [2025-09-24T04:33:15.102Z] [unzip] Processing entry: client/assets/provider-icons/auth_service_game_center.svg
[debug] [2025-09-24T04:33:15.102Z] [unzip] else mkdir: /Users/swaroopthakare/.cache/firebase/emulators/ui-v1.15.0/client/assets/provider-icons
[debug] [2025-09-24T04:33:15.102Z] [unzip] deflating: /Users/swaroopthakare/.cache/firebase/emulators/ui-v1.15.0/client/assets/provider-icons/auth_service_game_center.svg
[debug] [2025-09-24T04:33:15.103Z] [unzip] Entry: client/assets/provider-icons/auth_service_apple.svg (compressed_size=230 bytes, uncompressed_size=334 bytes)
[debug] [2025-09-24T04:33:15.103Z] [unzip] Processing entry: client/assets/provider-icons/auth_service_apple.svg
[debug] [2025-09-24T04:33:15.103Z] [unzip] else mkdir: /Users/swaroopthakare/.cache/firebase/emulators/ui-v1.15.0/client/assets/provider-icons
[debug] [2025-09-24T04:33:15.103Z] [unzip] deflating: /Users/swaroopthakare/.cache/firebase/emulators/ui-v1.15.0/client/assets/provider-icons/auth_service_apple.svg
[debug] [2025-09-24T04:33:15.103Z] [unzip] Entry: client/assets/provider-icons/auth_service_github.svg (compressed_size=466 bytes, uncompressed_size=838 bytes)
[debug] [2025-09-24T04:33:15.103Z] [unzip] Processing entry: client/assets/provider-icons/auth_service_github.svg
[debug] [2025-09-24T04:33:15.103Z] [unzip] else mkdir: /Users/swaroopthakare/.cache/firebase/emulators/ui-v1.15.0/client/assets/provider-icons
[debug] [2025-09-24T04:33:15.103Z] [unzip] deflating: /Users/swaroopthakare/.cache/firebase/emulators/ui-v1.15.0/client/assets/provider-icons/auth_service_github.svg
[debug] [2025-09-24T04:33:15.103Z] [unzip] Entry: client/assets/provider-icons/auth_service_mslive.svg (compressed_size=203 bytes, uncompressed_size=378 bytes)
[debug] [2025-09-24T04:33:15.103Z] [unzip] Processing entry: client/assets/provider-icons/auth_service_mslive.svg
[debug] [2025-09-24T04:33:15.103Z] [unzip] else mkdir: /Users/swaroopthakare/.cache/firebase/emulators/ui-v1.15.0/client/assets/provider-icons
[debug] [2025-09-24T04:33:15.103Z] [unzip] deflating: /Users/swaroopthakare/.cache/firebase/emulators/ui-v1.15.0/client/assets/provider-icons/auth_service_mslive.svg
[debug] [2025-09-24T04:33:15.104Z] [unzip] Entry: client/assets/provider-icons/auth_service_yahoo.svg (compressed_size=577 bytes, uncompressed_size=1182 bytes)
[debug] [2025-09-24T04:33:15.104Z] [unzip] Processing entry: client/assets/provider-icons/auth_service_yahoo.svg
[debug] [2025-09-24T04:33:15.104Z] [unzip] else mkdir: /Users/swaroopthakare/.cache/firebase/emulators/ui-v1.15.0/client/assets/provider-icons
[debug] [2025-09-24T04:33:15.104Z] [unzip] deflating: /Users/swaroopthakare/.cache/firebase/emulators/ui-v1.15.0/client/assets/provider-icons/auth_service_yahoo.svg
[debug] [2025-09-24T04:33:15.104Z] [unzip] Entry: client/assets/provider-icons/auth_service_twitter.svg (compressed_size=444 bytes, uncompressed_size=751 bytes)
[debug] [2025-09-24T04:33:15.104Z] [unzip] Processing entry: client/assets/provider-icons/auth_service_twitter.svg
[debug] [2025-09-24T04:33:15.104Z] [unzip] else mkdir: /Users/swaroopthakare/.cache/firebase/emulators/ui-v1.15.0/client/assets/provider-icons
[debug] [2025-09-24T04:33:15.104Z] [unzip] deflating: /Users/swaroopthakare/.cache/firebase/emulators/ui-v1.15.0/client/assets/provider-icons/auth_service_twitter.svg
[debug] [2025-09-24T04:33:15.105Z] [unzip] Entry: client/assets/provider-icons/auth_service_play_games.svg (compressed_size=565 bytes, uncompressed_size=1173 bytes)
[debug] [2025-09-24T04:33:15.105Z] [unzip] Processing entry: client/assets/provider-icons/auth_service_play_games.svg
[debug] [2025-09-24T04:33:15.105Z] [unzip] else mkdir: /Users/swaroopthakare/.cache/firebase/emulators/ui-v1.15.0/client/assets/provider-icons
[debug] [2025-09-24T04:33:15.105Z] [unzip] deflating: /Users/swaroopthakare/.cache/firebase/emulators/ui-v1.15.0/client/assets/provider-icons/auth_service_play_games.svg
[debug] [2025-09-24T04:33:15.105Z] [unzip] Entry: client/assets/provider-icons/auth_service_email.svg (compressed_size=228 bytes, uncompressed_size=326 bytes)
[debug] [2025-09-24T04:33:15.105Z] [unzip] Processing entry: client/assets/provider-icons/auth_service_email.svg
[debug] [2025-09-24T04:33:15.105Z] [unzip] else mkdir: /Users/swaroopthakare/.cache/firebase/emulators/ui-v1.15.0/client/assets/provider-icons
[debug] [2025-09-24T04:33:15.105Z] [unzip] deflating: /Users/swaroopthakare/.cache/firebase/emulators/ui-v1.15.0/client/assets/provider-icons/auth_service_email.svg
[debug] [2025-09-24T04:33:15.106Z] [unzip] Entry: client/assets/provider-icons/auth_service_google.svg (compressed_size=409 bytes, uncompressed_size=720 bytes)
[debug] [2025-09-24T04:33:15.106Z] [unzip] Processing entry: client/assets/provider-icons/auth_service_google.svg
[debug] [2025-09-24T04:33:15.106Z] [unzip] else mkdir: /Users/swaroopthakare/.cache/firebase/emulators/ui-v1.15.0/client/assets/provider-icons
[debug] [2025-09-24T04:33:15.106Z] [unzip] deflating: /Users/swaroopthakare/.cache/firebase/emulators/ui-v1.15.0/client/assets/provider-icons/auth_service_google.svg
[debug] [2025-09-24T04:33:15.106Z] [unzip] Entry: client/assets/provider-icons/auth_service_oidc.svg (compressed_size=414 bytes, uncompressed_size=858 bytes)
[debug] [2025-09-24T04:33:15.106Z] [unzip] Processing entry: client/assets/provider-icons/auth_service_oidc.svg
[debug] [2025-09-24T04:33:15.106Z] [unzip] else mkdir: /Users/swaroopthakare/.cache/firebase/emulators/ui-v1.15.0/client/assets/provider-icons
[debug] [2025-09-24T04:33:15.106Z] [unzip] deflating: /Users/swaroopthakare/.cache/firebase/emulators/ui-v1.15.0/client/assets/provider-icons/auth_service_oidc.svg
[debug] [2025-09-24T04:33:15.106Z] [unzip] Entry: client/browserconfig.xml (compressed_size=491 bytes, uncompressed_size=822 bytes)
[debug] [2025-09-24T04:33:15.106Z] [unzip] Processing entry: client/browserconfig.xml
[debug] [2025-09-24T04:33:15.106Z] [unzip] else mkdir: /Users/swaroopthakare/.cache/firebase/emulators/ui-v1.15.0/client
[debug] [2025-09-24T04:33:15.106Z] [unzip] deflating: /Users/swaroopthakare/.cache/firebase/emulators/ui-v1.15.0/client/browserconfig.xml
[debug] [2025-09-24T04:33:15.107Z] [unzip] Entry: client/favicon-32x32.png (compressed_size=475 bytes, uncompressed_size=475 bytes)
[debug] [2025-09-24T04:33:15.107Z] [unzip] Processing entry: client/favicon-32x32.png
[debug] [2025-09-24T04:33:15.107Z] [unzip] else mkdir: /Users/swaroopthakare/.cache/firebase/emulators/ui-v1.15.0/client
[debug] [2025-09-24T04:33:15.107Z] [unzip] Writing file: /Users/swaroopthakare/.cache/firebase/emulators/ui-v1.15.0/client/favicon-32x32.png
[debug] [2025-09-24T04:33:15.107Z] [unzip] Entry: server/ (compressed_size=0 bytes, uncompressed_size=0 bytes)
[debug] [2025-09-24T04:33:15.107Z] [unzip] Processing entry: server/
[debug] [2025-09-24T04:33:15.107Z] [unzip] mkdir: /Users/swaroopthakare/.cache/firebase/emulators/ui-v1.15.0/server/
[debug] [2025-09-24T04:33:15.107Z] [unzip] Entry: server/server.mjs.map (compressed_size=217845 bytes, uncompressed_size=944978 bytes)
[debug] [2025-09-24T04:33:15.107Z] [unzip] Processing entry: server/server.mjs.map
[debug] [2025-09-24T04:33:15.107Z] [unzip] else mkdir: /Users/swaroopthakare/.cache/firebase/emulators/ui-v1.15.0/server
[debug] [2025-09-24T04:33:15.107Z] [unzip] deflating: /Users/swaroopthakare/.cache/firebase/emulators/ui-v1.15.0/server/server.mjs.map
[debug] [2025-09-24T04:33:15.110Z] [unzip] Entry: server/server.mjs (compressed_size=276407 bytes, uncompressed_size=933701 bytes)
[debug] [2025-09-24T04:33:15.110Z] [unzip] Processing entry: server/server.mjs
[debug] [2025-09-24T04:33:15.110Z] [unzip] else mkdir: /Users/swaroopthakare/.cache/firebase/emulators/ui-v1.15.0/server
[debug] [2025-09-24T04:33:15.110Z] [unzip] deflating: /Users/swaroopthakare/.cache/firebase/emulators/ui-v1.15.0/server/server.mjs
[debug] [2025-09-24T04:33:15.117Z] Could not find VSCode notification endpoint: FetchError: request to http://localhost:40001/vscode/notify failed, reason: . If you are not running the Firebase Data Connect VSCode extension, this is expected and not an issue.
[info] 
┌─────────────────────────────────────────────────────────────┐
│ ✔  All emulators ready! It is now safe to connect your app. │
│ i  View Emulator UI at http://127.0.0.1:4000/               │
└─────────────────────────────────────────────────────────────┘

┌───────────┬────────────────┬─────────────────────────────────┐
│ Emulator  │ Host:Port      │ View in Emulator UI             │
├───────────┼────────────────┼─────────────────────────────────┤
│ Firestore │ 127.0.0.1:8080 │ http://127.0.0.1:4000/firestore │
├───────────┼────────────────┼─────────────────────────────────┤
│ Storage   │ 127.0.0.1:9199 │ http://127.0.0.1:4000/storage   │
└───────────┴────────────────┴─────────────────────────────────┘
  Emulator Hub host: 127.0.0.1 port: 4400
  Other reserved ports: 4500, 9150

Issues? Report them at https://github.com/firebase/firebase-tools/issues and attach the *-debug.log files.
 
